[INFO  - 2017-01-06T23:50:38.446Z] GhostDriver - Main - running on port 53163
[INFO  - 2017-01-06T23:50:38.736Z] Session [ecde6ac0-d46a-11e6-b30f-43cef5111816] - page.settings - {"XSSAuditingEnabled":false,"javascriptCanCloseWindows":true,"javascriptCanOpenWindows":true,"javascriptEnabled":true,"loadImages":true,"localToRemoteUrlAccessEnabled":false,"userAgent":"Mozilla/5.0 (Macintosh; Intel Mac OS X) AppleWebKit/538.1 (KHTML, like Gecko) PhantomJS/2.1.1 Safari/538.1","webSecurityEnabled":true}
[INFO  - 2017-01-06T23:50:38.736Z] Session [ecde6ac0-d46a-11e6-b30f-43cef5111816] - page.customHeaders:  - {}
[INFO  - 2017-01-06T23:50:38.736Z] Session [ecde6ac0-d46a-11e6-b30f-43cef5111816] - Session.negotiatedCapabilities - {"browserName":"phantomjs","version":"2.1.1","driverName":"ghostdriver","driverVersion":"1.2.0","platform":"mac-unknown-64bit","javascriptEnabled":true,"takesScreenshot":true,"handlesAlerts":false,"databaseEnabled":false,"locationContextEnabled":false,"applicationCacheEnabled":false,"browserConnectionEnabled":false,"cssSelectorsEnabled":true,"webStorageEnabled":false,"rotatable":false,"acceptSslCerts":false,"nativeEvents":true,"proxy":{"proxyType":"direct"}}
[INFO  - 2017-01-06T23:50:38.736Z] SessionManagerReqHand - _postNewSessionCommand - New Session Created: ecde6ac0-d46a-11e6-b30f-43cef5111816
[ERROR - 2017-01-06T23:51:15.907Z] WebElementLocator - _handleLocateCommand - Element(s) NOT Found: GAVE UP. Search Stop Time: 1483746675876

  phantomjs://platform/console++.js:263 in error
[ERROR - 2017-01-06T23:51:40.395Z] WebElementLocator - _handleLocateCommand - Element(s) NOT Found: GAVE UP. Search Stop Time: 1483746700379

  phantomjs://platform/console++.js:263 in error
[INFO  - 2017-01-06T23:55:38.447Z] SessionManagerReqHand - _cleanupWindowlessSessions - Asynchronous Sessions clean-up phase starting NOW
[ERROR - 2017-01-06T23:58:00.619Z] WebElementLocator - _handleLocateCommand - Element(s) NOT Found: GAVE UP. Search Stop Time: 1483747080595

  phantomjs://platform/console++.js:263 in error
[ERROR - 2017-01-06T23:58:30.085Z] WebElementLocator - _handleLocateCommand - Element(s) NOT Found: GAVE UP. Search Stop Time: 1483747110065

  phantomjs://platform/console++.js:263 in error
[INFO  - 2017-01-07T00:00:38.450Z] SessionManagerReqHand - _cleanupWindowlessSessions - Asynchronous Sessions clean-up phase starting NOW
[ERROR - 2017-01-07T00:00:41.010Z] WebElementLocator - _handleLocateCommand - Element(s) NOT Found: GAVE UP. Search Stop Time: 1483747240989

  phantomjs://platform/console++.js:263 in error
[ERROR - 2017-01-07T00:01:01.949Z] WebElementLocator - _handleLocateCommand - Element(s) NOT Found: GAVE UP. Search Stop Time: 1483747261927

  phantomjs://platform/console++.js:263 in error
[ERROR - 2017-01-07T00:04:05.521Z] WebElementLocator - _handleLocateCommand - Element(s) NOT Found: GAVE UP. Search Stop Time: 1483747445276

  phantomjs://platform/console++.js:263 in error
[ERROR - 2017-01-07T00:04:38.984Z] WebElementLocator - _handleLocateCommand - Element(s) NOT Found: GAVE UP. Search Stop Time: 1483747478934

  phantomjs://platform/console++.js:263 in error
[ERROR - 2017-01-07T00:05:07.957Z] WebElementLocator - _handleLocateCommand - Element(s) NOT Found: GAVE UP. Search Stop Time: 1483747507938

  phantomjs://platform/console++.js:263 in error
[INFO  - 2017-01-07T00:05:38.452Z] SessionManagerReqHand - _cleanupWindowlessSessions - Asynchronous Sessions clean-up phase starting NOW
[ERROR - 2017-01-07T00:05:50.512Z] WebElementLocator - _handleLocateCommand - Element(s) NOT Found: GAVE UP. Search Stop Time: 1483747550491

  phantomjs://platform/console++.js:263 in error
[ERROR - 2017-01-07T00:05:59.139Z] WebElementLocator - _handleLocateCommand - Element(s) NOT Found: GAVE UP. Search Stop Time: 1483747559115

  phantomjs://platform/console++.js:263 in error
[ERROR - 2017-01-07T00:06:11.690Z] WebElementLocator - _handleLocateCommand - Element(s) NOT Found: GAVE UP. Search Stop Time: 1483747571669

  phantomjs://platform/console++.js:263 in error
[ERROR - 2017-01-07T00:06:29.517Z] WebElementLocator - _handleLocateCommand - Element(s) NOT Found: GAVE UP. Search Stop Time: 1483747589496

  phantomjs://platform/console++.js:263 in error
[ERROR - 2017-01-07T00:07:17.601Z] WebElementLocator - _handleLocateCommand - Element(s) NOT Found: GAVE UP. Search Stop Time: 1483747637582

  phantomjs://platform/console++.js:263 in error
[ERROR - 2017-01-07T00:07:25.688Z] WebElementLocator - _handleLocateCommand - Element(s) NOT Found: GAVE UP. Search Stop Time: 1483747645667

  phantomjs://platform/console++.js:263 in error
[ERROR - 2017-01-07T00:07:33.919Z] WebElementLocator - _handleLocateCommand - Element(s) NOT Found: GAVE UP. Search Stop Time: 1483747653896

  phantomjs://platform/console++.js:263 in error
[ERROR - 2017-01-07T00:07:37.518Z] WebElementLocator - _handleLocateCommand - Element(s) NOT Found: GAVE UP. Search Stop Time: 1483747657495

  phantomjs://platform/console++.js:263 in error
[ERROR - 2017-01-07T00:07:49.644Z] WebElementLocator - _handleLocateCommand - Element(s) NOT Found: GAVE UP. Search Stop Time: 1483747669629

  phantomjs://platform/console++.js:263 in error
[ERROR - 2017-01-07T00:08:25.704Z] WebElementLocator - _handleLocateCommand - Element(s) NOT Found: GAVE UP. Search Stop Time: 1483747705684

  phantomjs://platform/console++.js:263 in error
[ERROR - 2017-01-07T00:08:43.321Z] WebElementLocator - _handleLocateCommand - Element(s) NOT Found: GAVE UP. Search Stop Time: 1483747723298

  phantomjs://platform/console++.js:263 in error
[ERROR - 2017-01-07T00:10:10.329Z] WebElementLocator - _handleLocateCommand - Element(s) NOT Found: GAVE UP. Search Stop Time: 1483747810306

  phantomjs://platform/console++.js:263 in error
[INFO  - 2017-01-07T00:10:38.454Z] SessionManagerReqHand - _cleanupWindowlessSessions - Asynchronous Sessions clean-up phase starting NOW
[ERROR - 2017-01-07T00:11:04.507Z] WebElementLocator - _handleLocateCommand - Element(s) NOT Found: GAVE UP. Search Stop Time: 1483747864488

  phantomjs://platform/console++.js:263 in error
[ERROR - 2017-01-07T00:11:13.147Z] WebElementLocator - _handleLocateCommand - Element(s) NOT Found: GAVE UP. Search Stop Time: 1483747873124

  phantomjs://platform/console++.js:263 in error
[ERROR - 2017-01-07T00:11:16.507Z] WebElementLocator - _handleLocateCommand - Element(s) NOT Found: GAVE UP. Search Stop Time: 1483747876483

  phantomjs://platform/console++.js:263 in error
[ERROR - 2017-01-07T00:11:44.246Z] WebElementLocator - _handleLocateCommand - Element(s) NOT Found: GAVE UP. Search Stop Time: 1483747904226

  phantomjs://platform/console++.js:263 in error
[ERROR - 2017-01-07T00:13:05.281Z] WebElementLocator - _handleLocateCommand - Element(s) NOT Found: GAVE UP. Search Stop Time: 1483747985258

  phantomjs://platform/console++.js:263 in error
[INFO  - 2017-01-07T00:15:38.455Z] SessionManagerReqHand - _cleanupWindowlessSessions - Asynchronous Sessions clean-up phase starting NOW
[ERROR - 2017-01-07T00:16:12.302Z] WebElementLocator - _handleLocateCommand - Element(s) NOT Found: GAVE UP. Search Stop Time: 1483748172285

  phantomjs://platform/console++.js:263 in error
[ERROR - 2017-01-07T00:18:31.155Z] WebElementLocator - _handleLocateCommand - Element(s) NOT Found: GAVE UP. Search Stop Time: 1483748311130

  phantomjs://platform/console++.js:263 in error
[ERROR - 2017-01-07T00:18:48.041Z] WebElementLocator - _handleLocateCommand - Element(s) NOT Found: GAVE UP. Search Stop Time: 1483748328040

  phantomjs://platform/console++.js:263 in error
[ERROR - 2017-01-07T00:19:24.730Z] WebElementLocator - _handleLocateCommand - Element(s) NOT Found: GAVE UP. Search Stop Time: 1483748364709

  phantomjs://platform/console++.js:263 in error
[INFO  - 2017-01-07T00:20:38.457Z] SessionManagerReqHand - _cleanupWindowlessSessions - Asynchronous Sessions clean-up phase starting NOW
[ERROR - 2017-01-07T00:23:08.559Z] WebElementLocator - _handleLocateCommand - Element(s) NOT Found: GAVE UP. Search Stop Time: 1483748588539

  phantomjs://platform/console++.js:263 in error
[ERROR - 2017-01-07T00:24:02.585Z] WebElementLocator - _handleLocateCommand - Element(s) NOT Found: GAVE UP. Search Stop Time: 1483748642560

  phantomjs://platform/console++.js:263 in error
[ERROR - 2017-01-07T00:24:25.390Z] WebElementLocator - _handleLocateCommand - Element(s) NOT Found: GAVE UP. Search Stop Time: 1483748665362

  phantomjs://platform/console++.js:263 in error
[INFO  - 2017-01-07T00:25:38.459Z] SessionManagerReqHand - _cleanupWindowlessSessions - Asynchronous Sessions clean-up phase starting NOW
[ERROR - 2017-01-07T00:26:00.295Z] WebElementLocator - _handleLocateCommand - Element(s) NOT Found: GAVE UP. Search Stop Time: 1483748760240

  phantomjs://platform/console++.js:263 in error
[ERROR - 2017-01-07T00:26:46.507Z] WebElementLocator - _handleLocateCommand - Element(s) NOT Found: GAVE UP. Search Stop Time: 1483748806483

  phantomjs://platform/console++.js:263 in error
[ERROR - 2017-01-07T00:28:33.362Z] WebElementLocator - _handleLocateCommand - Element(s) NOT Found: GAVE UP. Search Stop Time: 1483748913337

  phantomjs://platform/console++.js:263 in error
[ERROR - 2017-01-07T00:28:50.466Z] WebElementLocator - _handleLocateCommand - Element(s) NOT Found: GAVE UP. Search Stop Time: 1483748930414

  phantomjs://platform/console++.js:263 in error
[ERROR - 2017-01-07T00:29:13.264Z] WebElementLocator - _handleLocateCommand - Element(s) NOT Found: GAVE UP. Search Stop Time: 1483748953237

  phantomjs://platform/console++.js:263 in error
[ERROR - 2017-01-07T00:29:45.117Z] WebElementLocator - _handleLocateCommand - Element(s) NOT Found: GAVE UP. Search Stop Time: 1483748985091

  phantomjs://platform/console++.js:263 in error
[INFO  - 2017-01-07T00:30:38.460Z] SessionManagerReqHand - _cleanupWindowlessSessions - Asynchronous Sessions clean-up phase starting NOW
[ERROR - 2017-01-07T00:31:02.995Z] WebElementLocator - _handleLocateCommand - Element(s) NOT Found: GAVE UP. Search Stop Time: 1483749062970

  phantomjs://platform/console++.js:263 in error
[INFO  - 2017-01-07T00:35:38.462Z] SessionManagerReqHand - _cleanupWindowlessSessions - Asynchronous Sessions clean-up phase starting NOW
[ERROR - 2017-01-07T00:39:56.435Z] WebElementLocator - _handleLocateCommand - Element(s) NOT Found: GAVE UP. Search Stop Time: 1483749596414

  phantomjs://platform/console++.js:263 in error
[INFO  - 2017-01-07T00:40:38.468Z] SessionManagerReqHand - _cleanupWindowlessSessions - Asynchronous Sessions clean-up phase starting NOW
[ERROR - 2017-01-07T00:42:18.508Z] WebElementLocator - _handleLocateCommand - Element(s) NOT Found: GAVE UP. Search Stop Time: 1483749738459

  phantomjs://platform/console++.js:263 in error
[ERROR - 2017-01-07T00:42:41.136Z] WebElementLocator - _handleLocateCommand - Element(s) NOT Found: GAVE UP. Search Stop Time: 1483749761119

  phantomjs://platform/console++.js:263 in error
[ERROR - 2017-01-07T00:43:00.490Z] WebElementLocator - _handleLocateCommand - Element(s) NOT Found: GAVE UP. Search Stop Time: 1483749780460

  phantomjs://platform/console++.js:263 in error
[ERROR - 2017-01-07T00:43:53.812Z] WebElementLocator - _handleLocateCommand - Element(s) NOT Found: GAVE UP. Search Stop Time: 1483749833794

  phantomjs://platform/console++.js:263 in error
[ERROR - 2017-01-07T00:44:42.576Z] WebElementLocator - _handleLocateCommand - Element(s) NOT Found: GAVE UP. Search Stop Time: 1483749882540

  phantomjs://platform/console++.js:263 in error
[INFO  - 2017-01-07T00:45:38.492Z] SessionManagerReqHand - _cleanupWindowlessSessions - Asynchronous Sessions clean-up phase starting NOW
[ERROR - 2017-01-07T00:48:34.632Z] WebElementLocator - _handleLocateCommand - Element(s) NOT Found: GAVE UP. Search Stop Time: 1483750114574

  phantomjs://platform/console++.js:263 in error
[ERROR - 2017-01-07T00:49:13.804Z] WebElementLocator - _handleLocateCommand - Element(s) NOT Found: GAVE UP. Search Stop Time: 1483750153777

  phantomjs://platform/console++.js:263 in error
[INFO  - 2017-01-07T00:50:38.499Z] SessionManagerReqHand - _cleanupWindowlessSessions - Asynchronous Sessions clean-up phase starting NOW
[INFO  - 2017-01-07T00:55:38.501Z] SessionManagerReqHand - _cleanupWindowlessSessions - Asynchronous Sessions clean-up phase starting NOW
[ERROR - 2017-01-07T00:59:32.130Z] WebElementLocator - _handleLocateCommand - Element(s) NOT Found: GAVE UP. Search Stop Time: 1483750772106

  phantomjs://platform/console++.js:263 in error
[ERROR - 2017-01-07T00:59:44.665Z] WebElementLocator - _handleLocateCommand - Element(s) NOT Found: GAVE UP. Search Stop Time: 1483750784638

  phantomjs://platform/console++.js:263 in error
[ERROR - 2017-01-07T01:00:22.904Z] WebElementLocator - _handleLocateCommand - Element(s) NOT Found: GAVE UP. Search Stop Time: 1483750822878

  phantomjs://platform/console++.js:263 in error
[INFO  - 2017-01-07T01:00:38.512Z] SessionManagerReqHand - _cleanupWindowlessSessions - Asynchronous Sessions clean-up phase starting NOW
[ERROR - 2017-01-07T01:01:18.190Z] WebElementLocator - _handleLocateCommand - Element(s) NOT Found: GAVE UP. Search Stop Time: 1483750878154

  phantomjs://platform/console++.js:263 in error
[ERROR - 2017-01-07T01:01:31.244Z] WebElementLocator - _handleLocateCommand - Element(s) NOT Found: GAVE UP. Search Stop Time: 1483750891211

  phantomjs://platform/console++.js:263 in error
[ERROR - 2017-01-07T01:01:34.493Z] WebElementLocator - _handleLocateCommand - Element(s) NOT Found: GAVE UP. Search Stop Time: 1483750894463

  phantomjs://platform/console++.js:263 in error
